0 info it worked if it ends with ok
1 verbose cli [ '/Users/fangwenkang/.nvm/versions/node/v6.11.3/bin/node',
1 verbose cli   '/Users/fangwenkang/.nvm/versions/node/v6.11.3/bin/npm',
1 verbose cli   'run',
1 verbose cli   'notify' ]
2 info using npm@3.10.10
3 info using node@v6.11.3
4 verbose run-script [ 'prenotify', 'notify', 'postnotify' ]
5 info lifecycle s@1.0.0~prenotify: s@1.0.0
6 silly lifecycle s@1.0.0~prenotify: no script for prenotify, continuing
7 info lifecycle s@1.0.0~notify: s@1.0.0
8 verbose lifecycle s@1.0.0~notify: unsafe-perm in lifecycle true
9 verbose lifecycle s@1.0.0~notify: PATH: /Users/fangwenkang/.nvm/versions/node/v6.11.3/lib/node_modules/npm/bin/node-gyp-bin:/Users/fangwenkang/Desktop/kyy/node_modules/.bin:/Users/fangwenkang/.nvm/versions/node/v6.11.3/lib/node_modules/npm/bin/node-gyp-bin:/Users/fangwenkang/Desktop/kyy/node_modules/.bin:/Users/fangwenkang/.nvm/versions/node/v6.11.3/bin:/usr/local/mongodb/bin:/usr/local/mongodb/bin:/usr/local/bin:/usr/bin:/bin:/usr/sbin:/sbin:/usr/local/mongodb/bin
10 verbose lifecycle s@1.0.0~notify: CWD: /Users/fangwenkang/Desktop/kyy
11 silly lifecycle s@1.0.0~notify: Args: [ '-c',
11 silly lifecycle   'node ./node_modules/hap-tools/debugger/command/notify.js' ]
12 silly lifecycle s@1.0.0~notify: Returned: code: 1  signal: null
13 info lifecycle s@1.0.0~notify: Failed to exec notify script
14 verbose stack Error: s@1.0.0 notify: `node ./node_modules/hap-tools/debugger/command/notify.js`
14 verbose stack Exit status 1
14 verbose stack     at EventEmitter.<anonymous> (/Users/fangwenkang/.nvm/versions/node/v6.11.3/lib/node_modules/npm/lib/utils/lifecycle.js:255:16)
14 verbose stack     at emitTwo (events.js:106:13)
14 verbose stack     at EventEmitter.emit (events.js:191:7)
14 verbose stack     at ChildProcess.<anonymous> (/Users/fangwenkang/.nvm/versions/node/v6.11.3/lib/node_modules/npm/lib/utils/spawn.js:40:14)
14 verbose stack     at emitTwo (events.js:106:13)
14 verbose stack     at ChildProcess.emit (events.js:191:7)
14 verbose stack     at maybeClose (internal/child_process.js:920:16)
14 verbose stack     at Process.ChildProcess._handle.onexit (internal/child_process.js:230:5)
15 verbose pkgid s@1.0.0
16 verbose cwd /Users/fangwenkang/Desktop/kyy
17 error Darwin 17.2.0
18 error argv "/Users/fangwenkang/.nvm/versions/node/v6.11.3/bin/node" "/Users/fangwenkang/.nvm/versions/node/v6.11.3/bin/npm" "run" "notify"
19 error node v6.11.3
20 error npm  v3.10.10
21 error code ELIFECYCLE
22 error s@1.0.0 notify: `node ./node_modules/hap-tools/debugger/command/notify.js`
22 error Exit status 1
23 error Failed at the s@1.0.0 notify script 'node ./node_modules/hap-tools/debugger/command/notify.js'.
23 error Make sure you have the latest version of node.js and npm installed.
23 error If you do, this is most likely a problem with the s package,
23 error not with npm itself.
23 error Tell the author that this fails on your system:
23 error     node ./node_modules/hap-tools/debugger/command/notify.js
23 error You can get information on how to open an issue for this project with:
23 error     npm bugs s
23 error Or if that isn't available, you can get their info via:
23 error     npm owner ls s
23 error There is likely additional logging output above.
24 verbose exit [ 1, true ]
